<?xml version="1.0" encoding="UTF-8"?>
<testng-results ignored="0" total="1" passed="1" failed="0" skipped="0">
  <reporter-output>
  </reporter-output>
  <suite started-at="2024-12-24T20:27:17 IST" name="Suite" finished-at="2024-12-24T20:27:53 IST" duration-ms="35919">
    <groups>
      <group name="Regression">
        <method signature="TC_03_AddToCart.verify_AddToCart()[pri:0, instance:testcases.TC_03_AddToCart@2dc54ad4]" name="verify_AddToCart" class="testcases.TC_03_AddToCart"/>
      </group> <!-- Regression -->
    </groups>
    <test started-at="2024-12-24T20:27:17 IST" name="Test" finished-at="2024-12-24T20:27:53 IST" duration-ms="35919">
      <class name="testcases.TC_03_AddToCart">
        <test-method is-config="true" signature="setPath()[pri:0, instance:testcases.TC_03_AddToCart@2dc54ad4]" started-at="2024-12-24T20:27:18 IST" name="setPath" finished-at="2024-12-24T20:27:18 IST" duration-ms="9" status="PASS">
          <reporter-output>
          </reporter-output>
        </test-method> <!-- setPath -->
        <test-method is-config="true" signature="setup(java.lang.String,java.lang.String)[pri:0, instance:testcases.TC_03_AddToCart@2dc54ad4]" started-at="2024-12-24T20:27:18 IST" name="setup" finished-at="2024-12-24T20:27:36 IST" duration-ms="18309" status="PASS">
          <params>
            <param index="0">
              <value>
                <![CDATA[Windows]]>
              </value>
            </param>
            <param index="1">
              <value>
                <![CDATA[chrome]]>
              </value>
            </param>
          </params>
          <reporter-output>
          </reporter-output>
        </test-method> <!-- setup -->
        <test-method signature="verify_AddToCart()[pri:0, instance:testcases.TC_03_AddToCart@2dc54ad4]" started-at="2024-12-24T20:27:36 IST" name="verify_AddToCart" finished-at="2024-12-24T20:27:52 IST" duration-ms="16261" status="PASS">
          <reporter-output>
          </reporter-output>
        </test-method> <!-- verify_AddToCart -->
        <test-method is-config="true" signature="tearDown()[pri:0, instance:testcases.TC_03_AddToCart@2dc54ad4]" started-at="2024-12-24T20:27:52 IST" name="tearDown" finished-at="2024-12-24T20:27:53 IST" duration-ms="857" status="PASS">
          <reporter-output>
          </reporter-output>
        </test-method> <!-- tearDown -->
      </class> <!-- testcases.TC_03_AddToCart -->
    </test> <!-- Test -->
  </suite> <!-- Suite -->
</testng-results>
