<?xml version="1.0" encoding="UTF-8"?>
<testng-results ignored="0" total="1" passed="1" failed="0" skipped="0">
  <reporter-output>
  </reporter-output>
  <suite started-at="2024-11-24T12:02:37 IST" name="Suite" finished-at="2024-11-24T12:02:47 IST" duration-ms="9533">
    <groups>
    </groups>
    <test started-at="2024-11-24T12:02:37 IST" name="Test" finished-at="2024-11-24T12:02:47 IST" duration-ms="9533">
      <class name="scripts.elorusLoginScript">
        <test-method is-config="true" signature="setPath()[pri:0, instance:scripts.elorusLoginScript@4c1909a3]" started-at="2024-11-24T12:02:38 IST" name="setPath" finished-at="2024-11-24T12:02:38 IST" duration-ms="7" status="PASS">
          <reporter-output>
          </reporter-output>
        </test-method> <!-- setPath -->
        <test-method is-config="true" signature="launchBrowser(java.lang.String)[pri:0, instance:scripts.elorusLoginScript@4c1909a3]" started-at="2024-11-24T12:02:38 IST" name="launchBrowser" finished-at="2024-11-24T12:02:42 IST" duration-ms="4080" status="PASS">
          <params>
            <param index="0">
              <value>
                <![CDATA[chrome]]>
              </value>
            </param>
          </params>
          <reporter-output>
          </reporter-output>
        </test-method> <!-- launchBrowser -->
        <test-method signature="elorusLogin_Script()[pri:0, instance:scripts.elorusLoginScript@4c1909a3]" started-at="2024-11-24T12:02:42 IST" name="elorusLogin_Script" finished-at="2024-11-24T12:02:47 IST" duration-ms="5156" status="PASS">
          <reporter-output>
          </reporter-output>
        </test-method> <!-- elorusLogin_Script -->
        <test-method is-config="true" signature="closeBrowser()[pri:0, instance:scripts.elorusLoginScript@4c1909a3]" started-at="2024-11-24T12:02:47 IST" name="closeBrowser" finished-at="2024-11-24T12:02:47 IST" duration-ms="242" status="PASS">
          <reporter-output>
          </reporter-output>
        </test-method> <!-- closeBrowser -->
        <test-method is-config="true" signature="KillDriver()[pri:0, instance:scripts.elorusLoginScript@4c1909a3]" started-at="2024-11-24T12:02:47 IST" name="KillDriver" finished-at="2024-11-24T12:02:47 IST" duration-ms="28" status="PASS">
          <reporter-output>
          </reporter-output>
        </test-method> <!-- KillDriver -->
      </class> <!-- scripts.elorusLoginScript -->
    </test> <!-- Test -->
  </suite> <!-- Suite -->
</testng-results>
